ref|XP_663285.1|,6
ref|XP_663565.1|,5
ref|XP_659772.1|,11
tpe|CBF81224.1|,4
ref|XP_680578.1|,3
sp|Q02398.1|,3
emb|CAA90033.1|,3
ref|XP_660032.1|,4
tpe|CBF86833.1|,5
ref|XP_659860.1|,4
ref|XP_659860.1|,4
tpe|CBF90320.1|,6
ref|XP_681024.1|,4
tpe|CBF78678.1|,3
ref|XP_680563.1|,3
ref|XP_681970.1|,2
ref|XP_663653.1|,4
ref|XP_664498.1|,19
ref|XP_868803.1|,4
ref|XP_662983.1|,5
ref|XP_658413.1|,9
ref|XP_659513.1|,4
ref|XP_662241.1|,4
tpe|CBF69910.1|,3
ref|XP_660922.1|,4
ref|XP_680575.1|,3
ref|XP_663087.1|,7
ref|XP_659795.1|,11
tpe|CBF88903.1|,4
tpe|CBF88903.1|,4
ref|XP_659092.1|,2
tpe|CBF82857.1|,4
ref|XP_682077.1|,6
ref|XP_659505.1|,8
gb|AAF79204.1|,8
ref|XP_659353.1|,5
