Processing Gene: Q86VS8
From Matches: Possible Match: XP_662730.1 hypothetical protein AN5126.2 [Aspergillus nidulans FGSC A4]
  EAA62307.1 hypothetical protein AN5126.2 [Aspergillus nidulans FGSC A4]
  CBF80909.1 TPA: microtubule binding protein HOOK3, putative (AFU_orthologue; 
 AFUA_1G07490) [Aspergillus nidulans FGSC A4]
 score: 46.2 e-value: 3e-05 positives: 85/189 gaps: 35/189
HOOK3 not a match.
HOOK3 not a match.
HOOK3 not a match.
HOOK3 not a match.
HOOK3 not a match.
HOOK3 not a match.
HOOK3 not a match.
HOOK3 not a match.
HOOK3 not a match.
HOOK3 not a match.
HOOK3 not a match.
Done Processing Gene: Q86VS8
Processing Gene: Q9H6D7
HAUS4 not a match.
HAUS4 not a match.
HAUS4 not a match.
HAUS4 not a match.
HAUS4 not a match.
HAUS4 not a match.
HAUS4 not a match.
HAUS4 not a match.
HAUS4 not a match.
HAUS4 not a match.
Done Processing Gene: Q9H6D7
Processing Gene: Q70EL1
USP54 not a match.
USP54 not a match.
USP54 not a match.
USP54 not a match.
USP54 not a match.
USP54 not a match.
USP54 not a match.
USP54 not a match.
USP54 not a match.
USP54 not a match.
USP54 not a match.
USP54 not a match.
Done Processing Gene: Q70EL1
Processing Gene: Q05DH4
From Matches: Possible Match: XP_663947.1 hypothetical protein AN6343.2 [Aspergillus nidulans FGSC A4]
  EAA58727.1 hypothetical protein AN6343.2 [Aspergillus nidulans FGSC A4]
 score: 48.5 e-value: 1e-05 positives: 136/320 gaps: 41/320
From Matches: Possible Match: CBF69659.1 TPA: conserved hypothetical protein [Aspergillus nidulans FGSC 
 A4]
 score: 47.8 e-value: 2e-05 positives: 136/320 gaps: 41/320
FAM160A1 not a match.
FAM160A1 not a match.
FAM160A1 not a match.
FAM160A1 not a match.
FAM160A1 not a match.
Done Processing Gene: Q05DH4
Processing Gene: O94788
From Matches: Possible Match: XP_658158.1 DHAL_EMENI Aldehyde dehydrogenase (ALDDH) [Aspergillus nidulans 
 FGSC A4]
  P08157.2 RecName: Full=Aldehyde dehydrogenase; Short=ALDDH; Short=ALDH 
 [Aspergillus nidulans FGSC A4]
  AAK18072.1 aldehyde dehydrogenase ALDH [Aspergillus nidulans]
  EAA66653.1 DHAL_EMENI Aldehyde dehydrogenase (ALDDH) [Aspergillus nidulans 
 FGSC A4]
  CBF89245.1 TPA: Aldehyde dehydrogenase (ALDDH)(ALDH)(EC 1.2.1.3) [Source:UniProtKB/Swiss-Prot;Acc:P08157] 
 [Aspergillus nidulans FGSC 
 A4]
 score: 547.0 e-value: 0.0 positives: 356/482 gaps: 6/482
From Matches: Possible Match: AAK18073.1 aldehyde dehydrogenase ALDH15 [Aspergillus nidulans]
 score: 545.0 e-value: 0.0 positives: 355/482 gaps: 6/482
From Matches: Possible Match: AAK18074.1 aldehyde dehydrogenase ALDH57 [Aspergillus nidulans]
 score: 545.0 e-value: 0.0 positives: 355/482 gaps: 6/482
From Matches: Possible Match: AAA33293.1 aldehyde dehydrogenase [Aspergillus nidulans]
 score: 542.0 e-value: 0.0 positives: 355/482 gaps: 6/482
From Matches: Possible Match: XP_659293.1 hypothetical protein AN1689.2 [Aspergillus nidulans FGSC A4]
  EAA64809.1 hypothetical protein AN1689.2 [Aspergillus nidulans FGSC A4]
  CBF85372.1 TPA: aldehyde dehydrogenase family (Eurofung) [Aspergillus nidulans 
 FGSC A4]
 score: 496.0 e-value: 4e-173 positives: 334/502 gaps: 7/502
From Matches: Possible Match: XP_661730.1 hypothetical protein AN4126.2 [Aspergillus nidulans FGSC A4]
  EAA59387.1 hypothetical protein AN4126.2 [Aspergillus nidulans FGSC A4]
  CBF74652.1 TPA: conserved hypothetical protein [Aspergillus nidulans FGSC 
 A4]
 score: 459.0 e-value: 4e-158 positives: 329/476 gaps: 10/476
From Matches: Possible Match: XP_682303.1 hypothetical protein AN9034.2 [Aspergillus nidulans FGSC A4]
  EAA64366.1 hypothetical protein AN9034.2 [Aspergillus nidulans FGSC A4]
  CBF84421.1 TPA: aldehyde dehydrogenase ALDH (AFU_orthologue; AFUA_8G02310) 
 [Aspergillus nidulans FGSC A4]
 score: 443.0 e-value: 7e-152 positives: 327/515 gaps: 23/515
From Matches: Possible Match: XP_661658.1 hypothetical protein AN4054.2 [Aspergillus nidulans FGSC A4]
  EAA59525.1 hypothetical protein AN4054.2 [Aspergillus nidulans FGSC A4]
  CBF74799.1 TPA: conserved hypothetical protein [Aspergillus nidulans FGSC 
 A4]
 score: 366.0 e-value: 3e-122 positives: 290/479 gaps: 13/479
From Matches: Possible Match: XP_663039.1 hypothetical protein AN5435.2 [Aspergillus nidulans FGSC A4]
  EAA62595.1 hypothetical protein AN5435.2 [Aspergillus nidulans FGSC A4]
  CBF81915.1 TPA: conserved hypothetical protein [Aspergillus nidulans FGSC 
 A4]
 score: 358.0 e-value: 5e-119 positives: 256/406 gaps: 6/406
From Matches: Possible Match: CBF75291.1 TPA: succinate-semialdehyde dehydrogenase (Eurofung) [Aspergillus 
 nidulans FGSC A4]
 score: 321.0 e-value: 3e-104 positives: 284/501 gaps: 13/501
From Matches: Possible Match: XP_661433.1 hypothetical protein AN3829.2 [Aspergillus nidulans FGSC A4]
  EAA59094.1 hypothetical protein AN3829.2 [Aspergillus nidulans FGSC A4]
 score: 311.0 e-value: 1e-100 positives: 284/515 gaps: 27/515
From Matches: Possible Match: XP_659034.1 hypothetical protein AN1430.2 [Aspergillus nidulans FGSC A4]
  EAA64560.1 hypothetical protein AN1430.2 [Aspergillus nidulans FGSC A4]
  CBF84842.1 TPA: betaine aldehyde dehydrogenase (BadH), putative (AFU_orthologue; 
 AFUA_8G04080) [Aspergillus nidulans FGSC A4]
 score: 307.0 e-value: 4e-99 positives: 268/493 gaps: 17/493
From Matches: Possible Match: XP_658344.1 hypothetical protein AN0740.2 [Aspergillus nidulans FGSC A4]
  EAA65382.1 hypothetical protein AN0740.2 [Aspergillus nidulans FGSC A4]
  CBF88877.1 TPA: conserved hypothetical protein [Aspergillus nidulans FGSC 
 A4]
 score: 289.0 e-value: 2e-92 positives: 251/469 gaps: 14/469
From Matches: Possible Match: XP_680584.1 hypothetical protein AN7315.2 [Aspergillus nidulans FGSC A4]
  EAA61366.1 hypothetical protein AN7315.2 [Aspergillus nidulans FGSC A4]
  CBF78632.1 TPA: succinate-semialdehyde dehydrogenase (Eurofung) [Aspergillus 
 nidulans FGSC A4]
 score: 290.0 e-value: 2e-92 positives: 256/479 gaps: 11/479
From Matches: Possible Match: CBF90243.1 TPA: succinate semialdehyde dehydrogenase (Eurofung) [Aspergillus 
 nidulans FGSC A4]
 score: 288.0 e-value: 8e-92 positives: 269/495 gaps: 16/495
From Matches: Possible Match: XP_662424.1 hypothetical protein AN4820.2 [Aspergillus nidulans FGSC A4]
  EAA60390.1 hypothetical protein AN4820.2 [Aspergillus nidulans FGSC A4]
  CBF76711.1 TPA: succinate semialdehyde dehydrogenase (Eurofung) [Aspergillus 
 nidulans FGSC A4]
 score: 278.0 e-value: 9e-88 positives: 272/500 gaps: 11/500
From Matches: Possible Match: XP_657683.1 hypothetical protein AN0079.2 [Aspergillus nidulans FGSC A4]
  EAA65257.1 hypothetical protein AN0079.2 [Aspergillus nidulans FGSC A4]
 score: 286.0 e-value: 2e-86 positives: 271/499 gaps: 24/499
From Matches: Possible Match: XP_682467.1 hypothetical protein AN9198.2 [Aspergillus nidulans FGSC A4]
  EAA61489.1 hypothetical protein AN9198.2 [Aspergillus nidulans FGSC A4]
  CBF82342.1 TPA: conserved hypothetical protein [Aspergillus nidulans FGSC 
 A4]
 score: 273.0 e-value: 4e-86 positives: 242/456 gaps: 9/456
From Matches: Possible Match: CBF75857.1 TPA: conserved hypothetical protein [Aspergillus nidulans FGSC 
 A4]
 score: 270.0 e-value: 2e-85 positives: 235/456 gaps: 40/456
From Matches: Possible Match: CBF76640.1 TPA: aldehyde dehydrogenase family protein, putative (AFU_orthologue; 
 AFUA_3G03250) [Aspergillus nidulans FGSC A4]
 score: 268.0 e-value: 3e-84 positives: 237/473 gaps: 10/473
From Matches: Possible Match: XP_661177.1 hypothetical protein AN3573.2 [Aspergillus nidulans FGSC A4]
  EAA59781.1 hypothetical protein AN3573.2 [Aspergillus nidulans FGSC A4]
 score: 265.0 e-value: 2e-83 positives: 235/458 gaps: 42/458
From Matches: Possible Match: XP_660809.1 hypothetical protein AN3205.2 [Aspergillus nidulans FGSC A4]
  EAA62930.1 hypothetical protein AN3205.2 [Aspergillus nidulans FGSC A4]
  CBF83194.1 TPA: aldehyde dehydrogenase, putative (AFU_orthologue; AFUA_4G02830) 
 [Aspergillus nidulans FGSC A4]
 score: 259.0 e-value: 4e-81 positives: 238/459 gaps: 19/459
From Matches: Possible Match: XP_662451.1 hypothetical protein AN4847.2 [Aspergillus nidulans FGSC A4]
  EAA60082.1 hypothetical protein AN4847.2 [Aspergillus nidulans FGSC A4]
 score: 268.0 e-value: 6e-81 positives: 233/460 gaps: 8/460
From Matches: Possible Match: XP_659189.1 hypothetical protein AN1585.2 [Aspergillus nidulans FGSC A4]
  EAA64292.1 hypothetical protein AN1585.2 [Aspergillus nidulans FGSC A4]
  CBF85164.1 TPA: succinate semialdehyde dehydrogenase (Eurofung) [Aspergillus 
 nidulans FGSC A4]
 score: 258.0 e-value: 5e-80 positives: 248/460 gaps: 10/460
From Matches: Possible Match: XP_661195.1 hypothetical protein AN3591.2 [Aspergillus nidulans FGSC A4]
  EAA59799.1 hypothetical protein AN3591.2 [Aspergillus nidulans FGSC A4]
  CBF75821.1 TPA: methylmalonate-semialdehyde dehydrogenase, putative (AFU_orthologue; 
 AFUA_4G12870) [Aspergillus nidulans FGSC A4]
 score: 215.0 e-value: 2e-63 positives: 239/486 gaps: 24/486
From Matches: Possible Match: XP_659145.1 hypothetical protein AN1541.2 [Aspergillus nidulans FGSC A4]
  EAA64248.1 hypothetical protein AN1541.2 [Aspergillus nidulans FGSC A4]
  CBF85073.1 TPA: aldehyde dehydrogenase family protein (AFU_orthologue; AFUA_8G05520) 
 [Aspergillus nidulans FGSC A4]
 score: 211.0 e-value: 1e-62 positives: 239/499 gaps: 32/499
From Matches: Possible Match: XP_661654.1 hypothetical protein AN4050.2 [Aspergillus nidulans FGSC A4]
  EAA59521.1 hypothetical protein AN4050.2 [Aspergillus nidulans FGSC A4]
  CBF74807.1 TPA: cytoplasmic aldehyde dehydrogenase (Eurofung) [Aspergillus 
 nidulans FGSC A4]
 score: 203.0 e-value: 2e-59 positives: 239/479 gaps: 22/479
From Matches: Possible Match: CBF78991.1 TPA: aldehyde dehydrogenase (NAD) family protein (Eurofung) [Aspergillus 
 nidulans FGSC A4]
 score: 196.0 e-value: 3e-57 positives: 220/464 gaps: 20/464
From Matches: Possible Match: XP_664745.1 hypothetical protein AN7141.2 [Aspergillus nidulans FGSC A4]
  EAA61393.1 hypothetical protein AN7141.2 [Aspergillus nidulans FGSC A4]
 score: 190.0 e-value: 6e-55 positives: 220/468 gaps: 24/468
From Matches: Possible Match: XP_664240.1 hypothetical protein AN6636.2 [Aspergillus nidulans FGSC A4]
  EAA58165.1 hypothetical protein AN6636.2 [Aspergillus nidulans FGSC A4]
  CBF71144.1 TPA: oxidoreductase (Msc7), putative (AFU_orthologue; AFUA_6G03770) 
 [Aspergillus nidulans FGSC A4]
 score: 185.0 e-value: 8e-52 positives: 234/488 gaps: 44/488
From Matches: Possible Match: AAF72527.1 delta-1-pyrroline-5-carboxylate dehydrogenase [Aspergillus nidulans]
 score: 155.0 e-value: 3e-41 positives: 213/465 gaps: 29/465
From Matches: Possible Match: XP_659337.1 PUT2_EMENI Delta-1-pyrroline-5-carboxylate dehydrogenase, mitochondrial 
 precursor (P5C dehydrogenase) [Aspergillus nidulans 
 FGSC A4]
  Q9P8I0.2 RecName: Full=Delta-1-pyrroline-5-carboxylate dehydrogenase, 
 mitochondrial; Short=P5C dehydrogenase; AltName: Full=L-glutamate 
 gamma-semialdehyde dehydrogenase; Flags: Precursor [Aspergillus 
 nidulans FGSC A4]
  EAA64019.1 PUT2_EMENI Delta-1-pyrroline-5-carboxylate dehydrogenase, mitochondrial 
 precursor (P5C dehydrogenase) [Aspergillus nidulans 
 FGSC A4]
  CBF85458.1 TPA: Delta-1-pyrroline-5-carboxylate dehydrogenase, mitochondrial 
 Precursor (P5C dehydrogenase)(EC 1.5.1.12) [Source:UniProtKB/Swiss-Prot;Acc:Q9P8I0] 
 [Aspergillus nidulans FGSC A4]
 score: 155.0 e-value: 3e-41 positives: 213/465 gaps: 29/465
From Matches: Possible Match: XP_682547.1 hypothetical protein AN9278.2 [Aspergillus nidulans FGSC A4]
  EAA66345.1 hypothetical protein AN9278.2 [Aspergillus nidulans FGSC A4]
  CBF87318.1 TPA: conserved hypothetical protein [Aspergillus nidulans FGSC 
 A4]
 score: 122.0 e-value: 8e-30 positives: 231/521 gaps: 45/521
From Matches: Possible Match: XP_682254.1 hypothetical protein AN8985.2 [Aspergillus nidulans FGSC A4]
  EAA64317.1 hypothetical protein AN8985.2 [Aspergillus nidulans FGSC A4]
  CBF84515.1 TPA: conserved hypothetical protein [Aspergillus nidulans FGSC 
 A4]
 score: 114.0 e-value: 2e-27 positives: 160/345 gaps: 17/345
From Matches: Possible Match: CBF81490.1 TPA: aldehyde dehydrogenase, putative (AFU_orthologue; AFUA_4G13500) 
 [Aspergillus nidulans FGSC A4]
 score: 109.0 e-value: 7e-26 positives: 143/318 gaps: 23/318
From Matches: Possible Match: XP_663248.1 hypothetical protein AN5644.2 [Aspergillus nidulans FGSC A4]
  EAA62737.1 hypothetical protein AN5644.2 [Aspergillus nidulans FGSC A4]
 score: 109.0 e-value: 8e-26 positives: 143/318 gaps: 23/318
From Matches: Possible Match: AAK18075.1 truncated aldehyde dehydrogenase ALDH67 [Aspergillus nidulans]
 score: 82.0 e-value: 6e-19 positives: 74/121 gaps: 6/121
ALDH1A2 not a match.
ALDH1A2 not a match.
ALDH1A2 not a match.
ALDH1A2 not a match.
ALDH1A2 not a match.
ALDH1A2 not a match.
ALDH1A2 not a match.
Done Processing Gene: O94788
Processing Gene: Q8NFH3
From Matches: Possible Match: XP_681970.1 hypothetical protein AN8701.2 [Aspergillus nidulans FGSC A4]
  EAA60250.1 hypothetical protein AN8701.2 [Aspergillus nidulans FGSC A4]
  CBF78204.1 TPA: WD repeat protein (AFU_orthologue; AFUA_6G02410) [Aspergillus 
 nidulans FGSC A4]
 score: 51.2 e-value: 4e-07 positives: 62/147 gaps: 15/147
From Matches: Possible Match: XP_664809.1 hypothetical protein AN7205.2 [Aspergillus nidulans FGSC A4]
  EAA61457.1 hypothetical protein AN7205.2 [Aspergillus nidulans FGSC A4]
 score: 48.1 e-value: 3e-06 positives: 58/124 gaps: 13/124
NUP43 not a match.
NUP43 not a match.
From Matches: Possible Match: CBF78870.1 TPA: ribosome biogenesis protein (Rrb1), putative (AFU_orthologue; 
 AFUA_6G10320) [Aspergillus nidulans FGSC A4]
 score: 48.1 e-value: 3e-06 positives: 58/124 gaps: 13/124
NUP43 not a match.
NUP43 not a match.
From Matches: Possible Match: XP_681452.1 hypothetical protein AN8183.2 [Aspergillus nidulans FGSC A4]
  EAA59205.1 hypothetical protein AN8183.2 [Aspergillus nidulans FGSC A4]
 score: 47.0 e-value: 9e-06 positives: 57/120 gaps: 9/120
From Matches: Possible Match: CBF74056.1 TPA: small nucleolar ribonucleoprotein complex subunit (Pwp2), 
 putative (AFU_orthologue; AFUA_5G03090) [Aspergillus nidulans 
 FGSC A4]
 score: 46.6 e-value: 1e-05 positives: 57/120 gaps: 9/120
From Matches: Possible Match: Q5AZM3.2 RecName: Full=Protein transport protein sec31 [Aspergillus nidulans 
 FGSC A4]
  CBF69840.1 TPA: Protein transport protein sec31 [Source:UniProtKB/Swiss-Prot;Acc:Q5AZM3] 
 [Aspergillus nidulans FGSC A4]
 score: 44.7 e-value: 4e-05 positives: 75/169 gaps: 12/169
NUP43 not a match.
From Matches: Possible Match: XP_661255.1 hypothetical protein AN3651.2 [Aspergillus nidulans FGSC A4]
  EAA59859.1 hypothetical protein AN3651.2 [Aspergillus nidulans FGSC A4]
  CBF75689.1 TPA: WD repeat-containing protein (AFU_orthologue; AFUA_4G12190) 
 [Aspergillus nidulans FGSC A4]
 score: 43.5 e-value: 8e-05 positives: 34/61 gaps: 1/61
From Matches: Possible Match: XP_662252.1 hypothetical protein AN4648.2 [Aspergillus nidulans FGSC A4]
  EAA60450.1 hypothetical protein AN4648.2 [Aspergillus nidulans FGSC A4]
  CBF77071.1 TPA: small nucleolar ribonucleoprotein complex subunit Utp15, 
 putative (AFU_orthologue; AFUA_2G01780) [Aspergillus nidulans 
 FGSC A4]
 score: 43.5 e-value: 8e-05 positives: 84/184 gaps: 16/184
From Matches: Possible Match: XP_663861.1 hypothetical protein AN6257.2 [Aspergillus nidulans FGSC A4]
  EAA58641.1 hypothetical protein AN6257.2 [Aspergillus nidulans FGSC A4]
 score: 43.1 e-value: 0.0002 positives: 57/125 gaps: 5/125
NUP43 not a match.
From Matches: Possible Match: XP_657685.1 GBB_CRYPA Guanine nucleotide-binding protein beta subunit [Aspergillus 
 nidulans FGSC A4]
  EAA65259.1 GBB_CRYPA Guanine nucleotide-binding protein beta subunit [Aspergillus 
 nidulans FGSC A4]
  CBF90238.1 TPA: G-protein beta subunit [Source:UniProtKB/TrEMBL;Acc:O74214] 
 [Aspergillus nidulans FGSC A4]
 score: 42.0 e-value: 0.0002 positives: 77/190 gaps: 20/190
NUP43 not a match.
From Matches: Possible Match: AAC33436.1 G-protein beta subunit [Aspergillus nidulans]
 score: 41.6 e-value: 0.0003 positives: 77/190 gaps: 20/190
NUP43 not a match.
From Matches: Possible Match: XP_660465.1 hypothetical protein AN2861.2 [Aspergillus nidulans FGSC A4]
  EAA63432.1 hypothetical protein AN2861.2 [Aspergillus nidulans FGSC A4]
  CBF83856.1 TPA: F-box and WD40 domain protein, putative (AFU_orthologue; 
 AFUA_3G11870) [Aspergillus nidulans FGSC A4]
 score: 42.0 e-value: 0.0003 positives: 67/165 gaps: 8/165
From Matches: Possible Match: CBF69665.1 TPA: putative coronin homolog (Eurofung) [Aspergillus nidulans 
 FGSC A4]
 score: 41.2 e-value: 0.0005 positives: 51/125 gaps: 18/125
NUP43 not a match.
From Matches: Possible Match: XP_663945.1 hypothetical protein AN6341.2 [Aspergillus nidulans FGSC A4]
  EAA58725.1 hypothetical protein AN6341.2 [Aspergillus nidulans FGSC A4]
 score: 41.2 e-value: 0.0005 positives: 51/125 gaps: 18/125
NUP43 not a match.
From Matches: Possible Match: XP_659299.1 hypothetical protein AN1695.2 [Aspergillus nidulans FGSC A4]
  EAA64815.1 hypothetical protein AN1695.2 [Aspergillus nidulans FGSC A4]
  CBF85385.1 TPA: WD repeat protein (AFU_orthologue; AFUA_4G08530) [Aspergillus 
 nidulans FGSC A4]
 score: 40.8 e-value: 0.0006 positives: 50/115 gaps: 15/115
NUP43 not a match.
NUP43 not a match.
From Matches: Possible Match: CBF74066.1 TPA: kinetochore protein (Eurofung) [Aspergillus nidulans FGSC 
 A4]
 score: 40.0 e-value: 0.0008 positives: 53/129 gaps: 0/129
From Matches: Possible Match: XP_658410.1 hypothetical protein AN0806.2 [Aspergillus nidulans FGSC A4]
  EAA65636.1 hypothetical protein AN0806.2 [Aspergillus nidulans FGSC A4]
  CBF88747.1 TPA: WD repeat protein (AFU_orthologue; AFUA_1G14650) [Aspergillus 
 nidulans FGSC A4]
 score: 40.0 e-value: 0.0008 positives: 59/123 gaps: 11/123
NUP43 not a match.
From Matches: Possible Match: XP_657909.1 hypothetical protein AN0305.2 [Aspergillus nidulans FGSC A4]
  EAA65711.1 hypothetical protein AN0305.2 [Aspergillus nidulans FGSC A4]
  CBF89762.1 TPA: small nucleolar ribonucleoprotein complex subunit Dip2, 
 putative (AFU_orthologue; AFUA_1G02680) [Aspergillus nidulans 
 FGSC A4]
 score: 40.0 e-value: 0.001 positives: 52/116 gaps: 9/116
NUP43 not a match.
NUP43 not a match.
NUP43 not a match.
NUP43 not a match.
NUP43 not a match.
NUP43 not a match.
NUP43 not a match.
NUP43 not a match.
NUP43 not a match.
NUP43 not a match.
NUP43 not a match.
NUP43 not a match.
NUP43 not a match.
NUP43 not a match.
NUP43 not a match.
NUP43 not a match.
NUP43 not a match.
NUP43 not a match.
NUP43 not a match.
NUP43 not a match.
NUP43 not a match.
NUP43 not a match.
NUP43 not a match.
NUP43 not a match.
NUP43 not a match.
NUP43 not a match.
NUP43 not a match.
NUP43 not a match.
NUP43 not a match.
NUP43 not a match.
NUP43 not a match.
NUP43 not a match.
NUP43 not a match.
NUP43 not a match.
NUP43 not a match.
NUP43 not a match.
NUP43 not a match.
NUP43 not a match.
NUP43 not a match.
NUP43 not a match.
NUP43 not a match.
NUP43 not a match.
NUP43 not a match.
NUP43 not a match.
NUP43 not a match.
NUP43 not a match.
NUP43 not a match.
NUP43 not a match.
NUP43 not a match.
NUP43 not a match.
NUP43 not a match.
NUP43 not a match.
NUP43 not a match.
NUP43 not a match.
NUP43 not a match.
NUP43 not a match.
NUP43 not a match.
NUP43 not a match.
NUP43 not a match.
NUP43 not a match.
NUP43 not a match.
NUP43 not a match.
NUP43 not a match.
NUP43 not a match.
NUP43 not a match.
NUP43 not a match.
NUP43 not a match.
NUP43 not a match.
NUP43 not a match.
NUP43 not a match.
NUP43 not a match.
NUP43 not a match.
NUP43 not a match.
NUP43 not a match.
NUP43 not a match.
NUP43 not a match.
NUP43 not a match.
NUP43 not a match.
NUP43 not a match.
NUP43 not a match.
NUP43 not a match.
NUP43 not a match.
NUP43 not a match.
NUP43 not a match.
NUP43 not a match.
NUP43 not a match.
NUP43 not a match.
NUP43 not a match.
NUP43 not a match.
NUP43 not a match.
NUP43 not a match.
NUP43 not a match.
NUP43 not a match.
NUP43 not a match.
NUP43 not a match.
NUP43 not a match.
NUP43 not a match.
NUP43 not a match.
NUP43 not a match.
NUP43 not a match.
NUP43 not a match.
NUP43 not a match.
NUP43 not a match.
NUP43 not a match.
NUP43 not a match.
NUP43 not a match.
NUP43 not a match.
NUP43 not a match.
NUP43 not a match.
NUP43 not a match.
NUP43 not a match.
NUP43 not a match.
NUP43 not a match.
NUP43 not a match.
NUP43 not a match.
NUP43 not a match.
NUP43 not a match.
NUP43 not a match.
NUP43 not a match.
NUP43 not a match.
NUP43 not a match.
Done Processing Gene: Q8NFH3
Processing Gene: Q9P2F8
From Matches: Possible Match: XP_664194.1 hypothetical protein AN6590.2 [Aspergillus nidulans FGSC A4]
  EAA58119.1 hypothetical protein AN6590.2 [Aspergillus nidulans FGSC A4]
  CBF71051.1 TPA: tuberin (Eurofung) [Aspergillus nidulans FGSC A4]
 score: 80.9 e-value: 3e-15 positives: 93/194 gaps: 28/194
SIPA1L2 not a match.
SIPA1L2 not a match.
SIPA1L2 not a match.
SIPA1L2 not a match.
SIPA1L2 not a match.
Done Processing Gene: Q9P2F8
Processing Gene: Q9C0B0
From Matches: Possible Match: XP_657902.1 hypothetical protein AN0298.2 [Aspergillus nidulans FGSC A4]
  Q5BGN2.1 RecName: Full=mRNA 3'-end-processing protein yth1 [Aspergillus 
 nidulans FGSC A4]
  EAA65704.1 hypothetical protein AN0298.2 [Aspergillus nidulans FGSC A4]
  CBF89777.1 TPA: mRNA 3'-end-processing protein yth1 [Source:UniProtKB/Swiss-Prot;Acc:Q5BGN2] 
 [Aspergillus nidulans FGSC A4]
 score: 41.6 e-value: 0.0006 positives: 38/95 gaps: 23/95
UNK not a match.
UNK not a match.
UNK not a match.
UNK not a match.
UNK not a match.
UNK not a match.
UNK not a match.
UNK not a match.
UNK not a match.
UNK not a match.
UNK not a match.
UNK not a match.
UNK not a match.
UNK not a match.
UNK not a match.
UNK not a match.
UNK not a match.
UNK not a match.
Done Processing Gene: Q9C0B0
Processing Gene: Q9H8T0
From Matches: Possible Match: XP_658487.1 hypothetical protein AN0883.2 [Aspergillus nidulans FGSC A4]
  EAA65912.1 hypothetical protein AN0883.2 [Aspergillus nidulans FGSC A4]
  CBF88596.1 TPA: ubiquitin-conjugating enzyme, putative (AFU_orthologue; 
 AFUA_1G15570) [Aspergillus nidulans FGSC A4]
 score: 56.2 e-value: 2e-09 positives: 41/82 gaps: 1/82
From Matches: Possible Match: XP_663099.1 hypothetical protein AN5495.2 [Aspergillus nidulans FGSC A4]
  EAA62655.1 hypothetical protein AN5495.2 [Aspergillus nidulans FGSC A4]
  CBF81800.1 TPA: ubiquitin conjugating enzyme (UbcK), putative (AFU_orthologue; 
 AFUA_6G13170) [Aspergillus nidulans FGSC A4]
 score: 51.2 e-value: 5e-08 positives: 67/138 gaps: 5/138
From Matches: Possible Match: Q96UP5.1 RecName: Full=Ubiquitin-conjugating enzyme E2 2; AltName: Full=E2 
 ubiquitin-conjugating enzyme 2; AltName: Full=UV sensitivity 
 protein J; AltName: Full=Ubiquitin carrier protein ubc2; 
 AltName: Full=Ubiquitin-protein ligase ubc2 [Aspergillus 
 nidulans FGSC A4]
  AAK50144.1 UVSJ [Aspergillus nidulans]
 score: 43.5 e-value: 1e-05 positives: 67/141 gaps: 4/141
From Matches: Possible Match: XP_657830.1 hypothetical protein AN0226.2 [Aspergillus nidulans FGSC A4]
  EAA66099.1 hypothetical protein AN0226.2 [Aspergillus nidulans FGSC A4]
  CBF89932.1 TPA: ubiquitin conjugating enzyme (UbcC), putative (AFU_orthologue; 
 AFUA_5G09200) [Aspergillus nidulans FGSC A4]
 score: 43.9 e-value: 2e-05 positives: 69/163 gaps: 18/163
From Matches: Possible Match: CBF87021.1 TPA: NEDD8 conjugating enzyme (UbcL), putative (AFU_orthologue; 
 AFUA_3G14430) [Aspergillus nidulans FGSC A4]
 score: 40.8 e-value: 0.0002 positives: 54/110 gaps: 3/110
AKTIP not a match.
AKTIP not a match.
AKTIP not a match.
AKTIP not a match.
AKTIP not a match.
AKTIP not a match.
AKTIP not a match.
AKTIP not a match.
AKTIP not a match.
AKTIP not a match.
AKTIP not a match.
AKTIP not a match.
AKTIP not a match.
AKTIP not a match.
AKTIP not a match.
AKTIP not a match.
AKTIP not a match.
AKTIP not a match.
AKTIP not a match.
AKTIP not a match.
AKTIP not a match.
Done Processing Gene: Q9H8T0
